#
# A fatal error has been detected by the Java Runtime Environment:
#
#  EXCEPTION_ACCESS_VIOLATION (0xc0000005) at pc=0x0000000061ce4759, pid=2152, tid=18920
#
# JRE version: Java(TM) SE Runtime Environment (7.0_79-b15) (build 1.7.0_79-b15)
# Java VM: Java HotSpot(TM) 64-Bit Server VM (24.79-b02 mixed mode windows-amd64 compressed oops)
# Problematic frame:
# V  [jvm.dll+0x54759]
#
# Failed to write core dump. Minidumps are not enabled by default on client versions of Windows
#
# If you would like to submit a bug report, please visit:
#   http://bugreport.java.com/bugreport/crash.jsp
#

---------------  T H R E A D  ---------------

Current thread (0x00000000113d5800):  JavaThread "JDWP Transport Listener: dt_socket" daemon [_thread_in_vm, id=18920, stack(0x0000000011cf0000,0x0000000011df0000)]

siginfo: ExceptionCode=0xc0000005, reading address 0x000000000000000c

Registers:
RAX=0x000000000000000c, RBX=0x00000000113d5800, RCX=0x0000000000000003, RDX=0x0000000000000000
RSP=0x0000000011def490, RBP=0x000000000000000c, RSI=0x0000000000000000, RDI=0x0000000000000010
R8 =0x00000007ac31b518, R9 =0x0000000000000000, R10=0x0000000000000000, R11=0x0000000000000001
R12=0x0000000000000000, R13=0x00000000020c8b98, R14=0x0000000000000000, R15=0x0000000000000000
RIP=0x0000000061ce4759, EFLAGS=0x0000000000010246

Top of Stack: (sp=0x0000000011def490)
0x0000000011def490:   00000000113d5800 0000000000000000
0x0000000011def4a0:   0000000000000000 00000000113d5800
0x0000000011def4b0:   0000000000000000 0000000061dad9c7
0x0000000011def4c0:   00000007ac31b518 0000000011def5e0
0x0000000011def4d0:   000000000f3feb88 0000000011def5b0
0x0000000011def4e0:   00000000113d5800 0000000000000000
0x0000000011def4f0:   000000000f3feb88 0000000011def5e0
0x0000000011def500:   0000000000000000 00000000020c8b98
0x0000000011def510:   0000000000000000 0000000062a97d15
0x0000000011def520:   0000000011def5b0 0000000011def5e0
0x0000000011def530:   000000000f3feb88 00000000113d59e8
0x0000000011def540:   0000000012517f0a 0000000062a9f090
0x0000000011def550:   0000000002010a01 0000000011def650
0x0000000011def560:   00000000020c8701 00000000020c8701
0x0000000011def570:   00000a4400000013 0000000002010a00
0x0000000011def580:   00000000113f2070 0000000061e1e7fa 

Instructions: (pc=0x0000000061ce4759)
0x0000000061ce4739:   d2 48 8b c5 eb 18 48 8b d0 48 8b c5 48 d3 e2 48
0x0000000061ce4749:   03 15 61 31 6a 00 eb 06 48 8b 12 48 8b c7 48 98
0x0000000061ce4759:   8b 14 10 85 d2 74 2a 45 84 db 4c 63 c6 48 0f 45
0x0000000061ce4769:   fd 8d 47 0b 48 63 c8 48 83 e1 f8 48 c1 e9 03 8d 


Register to memory mapping:

RAX=0x000000000000000c is an unknown value
RBX=0x00000000113d5800 is a thread
RCX=0x0000000000000003 is an unknown value
RDX=0x0000000000000000 is an unknown value
RSP=0x0000000011def490 is pointing into the stack for thread: 0x00000000113d5800
RBP=0x000000000000000c is an unknown value
RSI=0x0000000000000000 is an unknown value
RDI=0x0000000000000010 is an unknown value
R8 =0x00000007ac31b518 is an oop
java.lang.String 
 - klass: 'java/lang/String'
R9 =0x0000000000000000 is an unknown value
R10=0x0000000000000000 is an unknown value
R11=0x0000000000000001 is an unknown value
R12=0x0000000000000000 is an unknown value
R13=0x00000000020c8b98 is an unknown value
R14=0x0000000000000000 is an unknown value
R15=0x0000000000000000 is an unknown value


Stack: [0x0000000011cf0000,0x0000000011df0000],  sp=0x0000000011def490,  free space=1021k
Native frames: (J=compiled Java code, j=interpreted, Vv=VM code, C=native code)
V  [jvm.dll+0x54759]


---------------  P R O C E S S  ---------------

Java Threads: ( => current thread )
  0x00000000124a5000 JavaThread "ReaderThread" [_thread_in_native, id=19144, stack(0x0000000012bf0000,0x0000000012cf0000)]
  0x00000000113f9000 JavaThread "Service Thread" daemon [_thread_blocked, id=19152, stack(0x00000000121f0000,0x00000000122f0000)]
  0x00000000113f8800 JavaThread "C2 CompilerThread1" daemon [_thread_blocked, id=12480, stack(0x00000000120f0000,0x00000000121f0000)]
  0x00000000113f7000 JavaThread "C2 CompilerThread0" daemon [_thread_blocked, id=12524, stack(0x0000000011ff0000,0x00000000120f0000)]
  0x00000000113e3800 JavaThread "JDWP Command Reader" daemon [_thread_in_native, id=18144, stack(0x0000000011ef0000,0x0000000011ff0000)]
  0x00000000113e2800 JavaThread "JDWP Event Helper Thread" daemon [_thread_blocked, id=9880, stack(0x0000000011df0000,0x0000000011ef0000)]
=>0x00000000113d5800 JavaThread "JDWP Transport Listener: dt_socket" daemon [_thread_in_vm, id=18920, stack(0x0000000011cf0000,0x0000000011df0000)]
  0x00000000020c9000 JavaThread "Attach Listener" daemon [_thread_blocked, id=22188, stack(0x00000000118b0000,0x00000000119b0000)]
  0x00000000113d0800 JavaThread "Signal Dispatcher" daemon [_thread_blocked, id=6948, stack(0x00000000117b0000,0x00000000118b0000)]
  0x000000000f3f0800 JavaThread "Finalizer" daemon [_thread_blocked, id=9100, stack(0x00000000112b0000,0x00000000113b0000)]
  0x000000000f3ea000 JavaThread "Reference Handler" daemon [_thread_blocked, id=4948, stack(0x00000000111b0000,0x00000000112b0000)]
  0x0000000001fd5000 JavaThread "main" [_thread_blocked, id=22132, stack(0x0000000001e70000,0x0000000001f70000)]

Other Threads:
  0x000000000f3e6000 VMThread [stack: 0x00000000110b0000,0x00000000111b0000] [id=22500]
  0x0000000011442800 WatcherThread [stack: 0x00000000122f0000,0x00000000123f0000] [id=14544]

VM state:not at safepoint (normal execution)

VM Mutex/Monitor currently owned by a thread: None

Heap
 PSYoungGen      total 76288K, used 21037K [0x00000007aaf00000, 0x00000007b0400000, 0x0000000800000000)
  eden space 65536K, 32% used [0x00000007aaf00000,0x00000007ac38b4c0,0x00000007aef00000)
  from space 10752K, 0% used [0x00000007af980000,0x00000007af980000,0x00000007b0400000)
  to   space 10752K, 0% used [0x00000007aef00000,0x00000007aef00000,0x00000007af980000)
 ParOldGen       total 174080K, used 0K [0x0000000700e00000, 0x000000070b800000, 0x00000007aaf00000)
  object space 174080K, 0% used [0x0000000700e00000,0x0000000700e00000,0x000000070b800000)
 PSPermGen       total 21504K, used 9183K [0x00000006fbc00000, 0x00000006fd100000, 0x0000000700e00000)
  object space 21504K, 42% used [0x00000006fbc00000,0x00000006fc4f7fb8,0x00000006fd100000)

Card table byte_map: [0x0000000005190000,0x00000000059c0000] byte_map_base: 0x00000000019b2000

Polling page: 0x0000000001f70000

Code Cache  [0x00000000020d0000, 0x0000000002340000, 0x00000000050d0000)
 total_blobs=328 nmethods=60 adapters=228 free_code_cache=48566Kb largest_free_block=49710720

Compilation events (10 events):
Event: 0.871 Thread 0x00000000113f8800   56             java.util.ArrayList::size (5 bytes)
Event: 0.871 Thread 0x00000000113f8800 nmethod 56 0x000000000215b090 code [0x000000000215b1c0, 0x000000000215b218]
Event: 0.877 Thread 0x00000000113f7000   57             java.util.HashMap::get (29 bytes)
Event: 0.879 Thread 0x00000000113f7000 nmethod 57 0x000000000215d190 code [0x000000000215d300, 0x000000000215d568]
Event: 0.885 Thread 0x00000000113f8800   58             java.lang.StringBuilder::append (8 bytes)
Event: 0.886 Thread 0x00000000113f8800 nmethod 58 0x0000000002161d10 code [0x0000000002161e60, 0x0000000002161ee8]
Event: 0.903 Thread 0x00000000113f7000   59  s!         sun.misc.URLClassPath::getLoader (154 bytes)
Event: 0.912 Thread 0x00000000113f7000 nmethod 59 0x0000000002165c90 code [0x0000000002165e80, 0x0000000002166f40]
Event: 0.914 Thread 0x00000000113f8800   60             java.lang.reflect.Method::getDeclaringClass (5 bytes)
Event: 0.915 Thread 0x00000000113f8800 nmethod 60 0x000000000215e490 code [0x000000000215e5c0, 0x000000000215e638]

GC Heap History (0 events):
No events

Deoptimization events (7 events):
Event: 0.820 Thread 0x0000000001fd5000 Uncommon trap: reason=class_check action=maybe_recompile pc=0x0000000002133130 method=java.lang.String.equals(Ljava/lang/Object;)Z @ 8
Event: 0.821 Thread 0x0000000001fd5000 Uncommon trap: reason=class_check action=maybe_recompile pc=0x0000000002133130 method=java.lang.String.equals(Ljava/lang/Object;)Z @ 8
Event: 0.825 Thread 0x0000000001fd5000 Uncommon trap: reason=class_check action=maybe_recompile pc=0x0000000002133130 method=java.lang.String.equals(Ljava/lang/Object;)Z @ 8
Event: 0.825 Thread 0x0000000001fd5000 Uncommon trap: reason=class_check action=maybe_recompile pc=0x0000000002133130 method=java.lang.String.equals(Ljava/lang/Object;)Z @ 8
Event: 0.894 Thread 0x0000000001fd5000 Uncommon trap: reason=unreached action=reinterpret pc=0x0000000002159234 method=java.lang.AbstractStringBuilder.append(Ljava/lang/String;)Ljava/lang/AbstractStringBuilder; @ 1
Event: 0.917 Thread 0x0000000001fd5000 Uncommon trap: reason=unreached action=reinterpret pc=0x000000000214f328 method=java.util.HashMap.getEntry(Ljava/lang/Object;)Ljava/util/HashMap$Entry; @ 10
Event: 0.925 Thread 0x00000000124a5000 Uncommon trap: reason=unreached action=reinterpret pc=0x000000000213fc60 method=java.io.BufferedReader.readLine(Z)Ljava/lang/String; @ 192

Internal exceptions (10 events):
Event: 0.930 Thread 0x0000000001fd5000 Threw 0x00000007ac2ed3c0 at C:\re\jdk7u79\2331\hotspot\src\share\vm\prims\jvm.cpp:1304
Event: 0.931 Thread 0x0000000001fd5000 Threw 0x00000007ac2f1ee0 at C:\re\jdk7u79\2331\hotspot\src\share\vm\prims\jvm.cpp:1304
Event: 0.931 Thread 0x0000000001fd5000 Threw 0x00000007ac2f69a0 at C:\re\jdk7u79\2331\hotspot\src\share\vm\prims\jvm.cpp:1304
Event: 0.931 Thread 0x0000000001fd5000 Threw 0x00000007ac2fb1f8 at C:\re\jdk7u79\2331\hotspot\src\share\vm\prims\jvm.cpp:1304
Event: 0.932 Thread 0x0000000001fd5000 Threw 0x00000007ac2ff628 at C:\re\jdk7u79\2331\hotspot\src\share\vm\prims\jvm.cpp:1304
Event: 0.932 Thread 0x0000000001fd5000 Threw 0x00000007ac3020a8 at C:\re\jdk7u79\2331\hotspot\src\share\vm\prims\jvm.cpp:1304
Event: 0.933 Thread 0x0000000001fd5000 Threw 0x00000007ac307900 at C:\re\jdk7u79\2331\hotspot\src\share\vm\prims\jvm.cpp:1304
Event: 0.933 Thread 0x0000000001fd5000 Threw 0x00000007ac312df8 at C:\re\jdk7u79\2331\hotspot\src\share\vm\prims\jvm.cpp:1304
Event: 0.934 Thread 0x0000000001fd5000 Threw 0x00000007ac315540 at C:\re\jdk7u79\2331\hotspot\src\share\vm\prims\jvm.cpp:1304
Event: 0.934 Thread 0x0000000001fd5000 Threw 0x00000007ac317ca0 at C:\re\jdk7u79\2331\hotspot\src\share\vm\prims\jvm.cpp:1304

Events (10 events):
Event: 56.034 Executing VM operation: ChangeSingleStep
Event: 56.034 Executing VM operation: ChangeSingleStep done
Event: 56.035 Executing VM operation: ChangeSingleStep
Event: 56.035 Executing VM operation: ChangeSingleStep done
Event: 56.055 Executing VM operation: GetOrSetLocal
Event: 56.055 Executing VM operation: GetOrSetLocal done
Event: 56.056 Executing VM operation: GetOrSetLocal
Event: 56.056 Executing VM operation: GetOrSetLocal done
Event: 56.130 Executing VM operation: GetOrSetLocal
Event: 56.130 Executing VM operation: GetOrSetLocal done


Dynamic libraries:
0x00007ff79b580000 - 0x00007ff79b5b3000 	C:\Program Files\Java\jdk1.7.0_79\bin\javaw.exe
0x00007ff99e4a0000 - 0x00007ff99e661000 	C:\Windows\SYSTEM32\ntdll.dll
0x00007ff99de60000 - 0x00007ff99df0d000 	C:\Windows\system32\KERNEL32.DLL
0x00007ff9958f0000 - 0x00007ff995923000 	C:\Program Files (x86)\AVG\Av\avghooka.dll
0x00007ff99b570000 - 0x00007ff99b758000 	C:\Windows\system32\KERNELBASE.dll
0x00007ff99dff0000 - 0x00007ff99e097000 	C:\Windows\system32\ADVAPI32.dll
0x00007ff99e140000 - 0x00007ff99e1dd000 	C:\Windows\system32\msvcrt.dll
0x00007ff99ba30000 - 0x00007ff99ba8b000 	C:\Windows\system32\sechost.dll
0x00007ff99bad0000 - 0x00007ff99bbec000 	C:\Windows\system32\RPCRT4.dll
0x00007ff99c6f0000 - 0x00007ff99c846000 	C:\Windows\system32\USER32.dll
0x00007ff99b8a0000 - 0x00007ff99ba26000 	C:\Windows\system32\GDI32.dll
0x00007ff992a20000 - 0x00007ff992c94000 	C:\Windows\WinSxS\amd64_microsoft.windows.common-controls_6595b64144ccf1df_6.0.10586.494_none_a2d8b04ea53e3145\COMCTL32.dll
0x00007ff99bbf0000 - 0x00007ff99be6d000 	C:\Windows\system32\combase.dll
0x00007ff99b270000 - 0x00007ff99b2da000 	C:\Windows\system32\bcryptPrimitives.dll
0x00007ff99e100000 - 0x00007ff99e13b000 	C:\Windows\system32\IMM32.DLL
0x0000000062ad0000 - 0x0000000062ba2000 	C:\Program Files\Java\jdk1.7.0_79\jre\bin\msvcr100.dll
0x0000000061c90000 - 0x0000000062465000 	C:\Program Files\Java\jdk1.7.0_79\jre\bin\server\jvm.dll
0x00007ff99bab0000 - 0x00007ff99bab8000 	C:\Windows\system32\PSAPI.DLL
0x00007ff9930b0000 - 0x00007ff9930b9000 	C:\Windows\SYSTEM32\WSOCK32.dll
0x00007ff99c680000 - 0x00007ff99c6eb000 	C:\Windows\system32\WS2_32.dll
0x00007ff9990b0000 - 0x00007ff9990d3000 	C:\Windows\SYSTEM32\WINMM.dll
0x00007ff999080000 - 0x00007ff9990ac000 	C:\Windows\SYSTEM32\WINMMBASE.dll
0x00007ff99b7c0000 - 0x00007ff99b803000 	C:\Windows\system32\cfgmgr32.dll
0x0000000066160000 - 0x000000006616f000 	C:\Program Files\Java\jdk1.7.0_79\jre\bin\verify.dll
0x00000000631a0000 - 0x00000000631c8000 	C:\Program Files\Java\jdk1.7.0_79\jre\bin\java.dll
0x0000000062a90000 - 0x0000000062ac5000 	C:\Program Files\Java\jdk1.7.0_79\jre\bin\jdwp.dll
0x0000000064280000 - 0x0000000064288000 	C:\Program Files\Java\jdk1.7.0_79\jre\bin\npt.dll
0x0000000064240000 - 0x0000000064255000 	C:\Program Files\Java\jdk1.7.0_79\jre\bin\zip.dll
0x0000000063170000 - 0x0000000063179000 	C:\Program Files\Java\jdk1.7.0_79\jre\bin\dt_socket.dll
0x00007ff98be50000 - 0x00007ff98be66000 	C:\Windows\system32\napinsp.dll
0x00007ff98be70000 - 0x00007ff98be8a000 	C:\Windows\system32\pnrpnsp.dll
0x00007ff996960000 - 0x00007ff996978000 	C:\Windows\system32\NLAapi.dll
0x00007ff99a3f0000 - 0x00007ff99a44c000 	C:\Windows\System32\mswsock.dll
0x00007ff999530000 - 0x00007ff9995da000 	C:\Windows\SYSTEM32\DNSAPI.dll
0x00007ff99df10000 - 0x00007ff99df18000 	C:\Windows\system32\NSI.dll
0x00007ff98cae0000 - 0x00007ff98caed000 	C:\Windows\System32\winrnr.dll
0x00007ff98c1a0000 - 0x00007ff98c1b5000 	C:\Windows\System32\wshbth.dll
0x00007ff992140000 - 0x00007ff9921a7000 	C:\Windows\System32\fwpuclnt.dll
0x00007ff99a950000 - 0x00007ff99a979000 	C:\Windows\SYSTEM32\bcrypt.dll
0x00007ff990e10000 - 0x00007ff990e1a000 	C:\Windows\System32\rasadhlp.dll
0x0000000063180000 - 0x000000006319a000 	C:\Program Files\Java\jdk1.7.0_79\jre\bin\net.dll
0x00007ff99a4a0000 - 0x00007ff99a4b7000 	C:\Windows\SYSTEM32\CRYPTSP.dll
0x00007ff99a130000 - 0x00007ff99a164000 	C:\Windows\system32\rsaenh.dll
0x00007ff99a280000 - 0x00007ff99a29f000 	C:\Windows\SYSTEM32\USERENV.dll
0x00007ff99aad0000 - 0x00007ff99aae4000 	C:\Windows\system32\profapi.dll
0x00007ff99a5c0000 - 0x00007ff99a5cb000 	C:\Windows\SYSTEM32\CRYPTBASE.dll
0x00007ff994420000 - 0x00007ff994458000 	C:\Windows\SYSTEM32\IPHLPAPI.DLL
0x00007ff991e80000 - 0x00007ff991e96000 	C:\Windows\SYSTEM32\dhcpcsvc6.DLL
0x00007ff992200000 - 0x00007ff99221a000 	C:\Windows\SYSTEM32\dhcpcsvc.DLL
0x0000000061c70000 - 0x0000000061c81000 	C:\Program Files\Java\jdk1.7.0_79\jre\bin\nio.dll
0x00007ff974820000 - 0x00007ff9749ac000 	C:\Windows\SYSTEM32\dbghelp.dll

VM Arguments:
jvm_args: -agentlib:jdwp=transport=dt_socket,suspend=y,address=localhost:62618 -ea -Dfile.encoding=Cp1252 
java_command: org.testng.remote.RemoteTestNG -serport 62617 -protocol json -d C:\Users\shrav\workspace\Test Project3\Automation_Hybrid_webdriver\test-output C:\Users\shrav\workspace\Test Project3\Automation_Hybrid_webdriver\testng.xml
Launcher Type: SUN_STANDARD

Environment Variables:
JAVA_HOME=C:\Program Files\Java\jdk1.8.0_91
PATH=C:\Program Files\Java\jdk1.7.0_79\jre\bin;C:\ProgramData\Oracle\Java\javapath;C:\Windows\system32;C:\Windows;C:\Windows\System32\Wbem;C:\Windows\System32\WindowsPowerShell\v1.0\;c:\Program Files (x86)\ATI Technologies\ATI.ACE\Core-Static;C:\Program Files\Java\jdk1.8.0_91\bin;C:\Program Files\Microsoft SQL Server\120\Tools\Binn\;C:\Program Files\Microsoft SQL Server\130\Tools\Binn\;C:\Program Files (x86)\Windows Kits\10\Windows Performance Toolkit\;C:\Program Files\Microsoft SQL Server\Client SDK\ODBC\110\Tools\Binn\;C:\Program Files (x86)\Microsoft SQL Server\120\Tools\Binn\;C:\Program Files\Microsoft SQL Server\120\DTS\Binn\;C:\Program Files (x86)\Microsoft SQL Server\120\Tools\Binn\ManagementStudio\;C:\Program Files (x86)\Microsoft SQL Server\120\DTS\Binn\;JAVA_HOME\bin
USERNAME=shrav
OS=Windows_NT
PROCESSOR_IDENTIFIER=Intel64 Family 6 Model 94 Stepping 3, GenuineIntel



---------------  S Y S T E M  ---------------

OS: Windows 8.1 , 64 bit Build 9600 

CPU:total 8 (4 cores per cpu, 2 threads per core) family 6 model 94 stepping 3, cmov, cx8, fxsr, mmx, sse, sse2, sse3, ssse3, sse4.1, sse4.2, popcnt, avx, avx2, aes, erms, ht, tsc, tscinvbit

Memory: 4k page, physical 16718968k(10926560k free), swap 19209336k(11588440k free)

vm_info: Java HotSpot(TM) 64-Bit Server VM (24.79-b02) for windows-amd64 JRE (1.7.0_79-b15), built on Apr 10 2015 12:36:16 by "java_re" with unknown MS VC++:1600

time: Sat Aug 06 15:48:21 2016
elapsed time: 56 seconds

